{
  "RSpec": {
    "coverage": {
      "/home/leedc/tic-tac-toe-rb-online-web-sp-000/lib/tic_tac_toe.rb": [
        null,
        null,
        1,
        null,
        null,
        null,
        null,
        null,
        null,
        null,
        null,
        null,
        null,
        1,
        24,
        24,
        24,
        24,
        24,
        null,
        null,
        null,
        null,
        1,
        23,
        null,
        null,
        null,
        null,
        1,
        22,
        null,
        null,
        null,
        null,
        1,
        25,
        22,
        3,
        3,
        null,
        null,
        null,
        null,
        null,
        1,
        23,
        20,
        null,
        null,
        null,
        null,
        1,
        20,
        20,
        20,
        20,
        19,
        19,
        null,
        1,
        1,
        null,
        null,
        null,
        null,
        1,
        21,
        21,
        189,
        31,
        null,
        null,
        21,
        null,
        null,
        null,
        null,
        1,
        20,
        20,
        null,
        null,
        null,
        1,
        68,
        1187,
        18,
        958,
        8,
        null,
        null,
        42,
        null,
        null,
        1,
        29,
        141,
        null,
        null,
        null,
        1,
        23,
        null,
        null,
        1,
        21,
        null,
        null,
        1,
        7,
        null,
        6,
        4,
        2,
        2,
        null,
        null,
        null,
        null,
        1,
        12,
        17,
        null,
        12,
        5,
        7,
        3,
        null,
        null
      ]
    },
    "timestamp": 1562534649
  }
}
