{
  "RSpec": {
    "coverage": {
      "/home/leedc/tic-tac-toe-rb-online-web-sp-000/lib/tic_tac_toe.rb": [
        null,
        null,
        1,
        null,
        null,
        null,
        null,
        null,
        null,
        null,
        null,
        null,
        null,
        1,
        17,
        17,
        17,
        17,
        17,
        null,
        null,
        null,
        null,
        1,
        17,
        null,
        null,
        null,
        null,
        1,
        17,
        null,
        null,
        null,
        null,
        1,
        17,
        17,
        0,
        0,
        null,
        null,
        null,
        null,
        null,
        1,
        17,
        17,
        null,
        null,
        null,
        null,
        1,
        17,
        17,
        17,
        17,
        17,
        17,
        null,
        0,
        0,
        null,
        null,
        null,
        null,
        1,
        17,
        17,
        153,
        26,
        null,
        null,
        17,
        null,
        null,
        null,
        null,
        1,
        17,
        17,
        null,
        null,
        null,
        1,
        51,
        863,
        12,
        694,
        5,
        null,
        null,
        34,
        null,
        null,
        1,
        20,
        93,
        null,
        null,
        null,
        1,
        16,
        null,
        null,
        1,
        18,
        null,
        null,
        1,
        4,
        null,
        4,
        3,
        1,
        1,
        null,
        null,
        null,
        null,
        1,
        12,
        17,
        null,
        12,
        5,
        7,
        3,
        null,
        null
      ]
    },
    "timestamp": 1562533922
  }
}
